<?xml version="1.0" encoding="UTF-8"?>
<testng-results total="8" passed="8" failed="0" skipped="0">
  <reporter-output>
  </reporter-output>
  <suite started-at="2024-11-12T05:56:21Z" name="Suite" finished-at="2024-11-12T05:58:03Z" duration-ms="102183">
    <groups>
    </groups>
    <test started-at="2024-11-12T05:56:21Z" name="Test" finished-at="2024-11-12T05:58:03Z" duration-ms="102183">
      <class name="tests.placeOrderTest">
        <test-method is-config="true" signature="launchBrowser(java.lang.String, java.lang.reflect.Method)[pri:0, instance:tests.placeOrderTest@3f053c80]" started-at="2024-11-12T11:26:51Z" name="launchBrowser" finished-at="2024-11-12T11:26:54Z" duration-ms="2641" status="PASS">
          <params>
            <param index="0">
              <value>
                <![CDATA[edge]]>
              </value>
            </param>
            <param index="1">
              <value>
                <![CDATA[public void tests.placeOrderTest.placeOrderValidation() throws java.util.concurrent.TimeoutException,java.lang.InterruptedException]]>
              </value>
            </param>
          </params>
          <reporter-output>
          </reporter-output>
        </test-method> <!-- launchBrowser -->
        <test-method signature="placeOrderValidation()[pri:0, instance:tests.placeOrderTest@3f053c80]" started-at="2024-11-12T11:26:54Z" name="placeOrderValidation" finished-at="2024-11-12T11:27:18Z" duration-ms="24578" status="PASS">
          <reporter-output>
          </reporter-output>
        </test-method> <!-- placeOrderValidation -->
        <test-method is-config="true" signature="closeBrowser(org.testng.ITestResult)[pri:0, instance:tests.placeOrderTest@3f053c80]" started-at="2024-11-12T11:27:18Z" name="closeBrowser" finished-at="2024-11-12T11:27:20Z" duration-ms="1402" status="PASS">
          <params>
            <param index="0">
              <value>
                <![CDATA[[TestResult name=placeOrderValidation status=SUCCESS method=placeOrderTest.placeOrderValidation()[pri:0, instance:tests.placeOrderTest@3f053c80] output={null}]]]>
              </value>
            </param>
          </params>
          <reporter-output>
          </reporter-output>
        </test-method> <!-- closeBrowser -->
      </class> <!-- tests.placeOrderTest -->
      <class name="tests.aboutUsTest">
        <test-method is-config="true" signature="launchBrowser(java.lang.String, java.lang.reflect.Method)[pri:0, instance:tests.aboutUsTest@5316e95f]" started-at="2024-11-12T11:26:32Z" name="launchBrowser" finished-at="2024-11-12T11:26:34Z" duration-ms="1736" status="PASS">
          <params>
            <param index="0">
              <value>
                <![CDATA[edge]]>
              </value>
            </param>
            <param index="1">
              <value>
                <![CDATA[public void tests.aboutUsTest.aboutUsValidation() throws java.util.concurrent.TimeoutException]]>
              </value>
            </param>
          </params>
          <reporter-output>
          </reporter-output>
        </test-method> <!-- launchBrowser -->
        <test-method signature="aboutUsValidation()[pri:0, instance:tests.aboutUsTest@5316e95f]" started-at="2024-11-12T11:26:34Z" name="aboutUsValidation" finished-at="2024-11-12T11:26:40Z" duration-ms="6634" status="PASS">
          <reporter-output>
          </reporter-output>
        </test-method> <!-- aboutUsValidation -->
        <test-method is-config="true" signature="closeBrowser(org.testng.ITestResult)[pri:0, instance:tests.aboutUsTest@5316e95f]" started-at="2024-11-12T11:26:40Z" name="closeBrowser" finished-at="2024-11-12T11:26:41Z" duration-ms="521" status="PASS">
          <params>
            <param index="0">
              <value>
                <![CDATA[[TestResult name=aboutUsValidation status=SUCCESS method=aboutUsTest.aboutUsValidation()[pri:0, instance:tests.aboutUsTest@5316e95f] output={null}]]]>
              </value>
            </param>
          </params>
          <reporter-output>
          </reporter-output>
        </test-method> <!-- closeBrowser -->
      </class> <!-- tests.aboutUsTest -->
      <class name="tests.cartTest">
        <test-method is-config="true" signature="beforeSuite()[pri:0, instance:tests.cartTest@4fc5e095]" started-at="2024-11-12T11:26:21Z" name="beforeSuite" finished-at="2024-11-12T11:26:21Z" duration-ms="590" status="PASS">
          <reporter-output>
          </reporter-output>
        </test-method> <!-- beforeSuite -->
        <test-method is-config="true" signature="launchBrowser(java.lang.String)[pri:0, instance:tests.cartTest@4fc5e095]" started-at="2024-11-12T11:27:30Z" name="launchBrowser" finished-at="2024-11-12T11:27:32Z" duration-ms="1709" status="PASS">
          <params>
            <param index="0">
              <value>
                <![CDATA[edge]]>
              </value>
            </param>
          </params>
          <reporter-output>
          </reporter-output>
        </test-method> <!-- launchBrowser -->
        <test-method is-config="true" signature="initExtentReport(java.lang.reflect.Method)[pri:0, instance:tests.cartTest@4fc5e095]" started-at="2024-11-12T11:27:32Z" name="initExtentReport" finished-at="2024-11-12T11:27:32Z" duration-ms="41" status="PASS">
          <params>
            <param index="0">
              <value>
                <![CDATA[public void tests.cartTest.addToCart() throws java.util.concurrent.TimeoutException,java.lang.InterruptedException]]>
              </value>
            </param>
          </params>
          <reporter-output>
          </reporter-output>
        </test-method> <!-- initExtentReport -->
        <test-method signature="addToCart()[pri:0, instance:tests.cartTest@4fc5e095]" started-at="2024-11-12T11:27:32Z" name="addToCart" finished-at="2024-11-12T11:27:54Z" duration-ms="21827" status="PASS">
          <reporter-output>
          </reporter-output>
        </test-method> <!-- addToCart -->
        <test-method is-config="true" signature="closeBrowser(org.testng.ITestResult)[pri:0, instance:tests.cartTest@4fc5e095]" started-at="2024-11-12T11:27:54Z" name="closeBrowser" finished-at="2024-11-12T11:27:54Z" duration-ms="8" status="PASS">
          <params>
            <param index="0">
              <value>
                <![CDATA[[TestResult name=addToCart status=SUCCESS method=cartTest.addToCart()[pri:0, instance:tests.cartTest@4fc5e095] output={null}]]]>
              </value>
            </param>
          </params>
          <reporter-output>
          </reporter-output>
        </test-method> <!-- closeBrowser -->
        <test-method is-config="true" signature="initExtentReport(java.lang.reflect.Method)[pri:0, instance:tests.cartTest@4fc5e095]" started-at="2024-11-12T11:27:54Z" name="initExtentReport" finished-at="2024-11-12T11:27:54Z" duration-ms="11" status="PASS">
          <params>
            <param index="0">
              <value>
                <![CDATA[public void tests.cartTest.validateCart() throws java.util.concurrent.TimeoutException,java.lang.InterruptedException]]>
              </value>
            </param>
          </params>
          <reporter-output>
          </reporter-output>
        </test-method> <!-- initExtentReport -->
        <test-method signature="validateCart()[pri:0, instance:tests.cartTest@4fc5e095]" started-at="2024-11-12T11:27:54Z" name="validateCart" finished-at="2024-11-12T11:27:57Z" duration-ms="3121" status="PASS">
          <reporter-output>
          </reporter-output>
        </test-method> <!-- validateCart -->
        <test-method is-config="true" signature="closeBrowser(org.testng.ITestResult)[pri:0, instance:tests.cartTest@4fc5e095]" started-at="2024-11-12T11:27:57Z" name="closeBrowser" finished-at="2024-11-12T11:27:57Z" duration-ms="30" status="PASS">
          <params>
            <param index="0">
              <value>
                <![CDATA[[TestResult name=validateCart status=SUCCESS method=cartTest.validateCart()[pri:0, instance:tests.cartTest@4fc5e095] output={null}]]]>
              </value>
            </param>
          </params>
          <reporter-output>
          </reporter-output>
        </test-method> <!-- closeBrowser -->
        <test-method is-config="true" signature="initExtentReport(java.lang.reflect.Method)[pri:0, instance:tests.cartTest@4fc5e095]" started-at="2024-11-12T11:27:57Z" name="initExtentReport" finished-at="2024-11-12T11:27:57Z" duration-ms="4" status="PASS">
          <params>
            <param index="0">
              <value>
                <![CDATA[public void tests.cartTest.deleteFromCart() throws java.util.concurrent.TimeoutException,java.lang.InterruptedException]]>
              </value>
            </param>
          </params>
          <reporter-output>
          </reporter-output>
        </test-method> <!-- initExtentReport -->
        <test-method signature="deleteFromCart()[pri:0, instance:tests.cartTest@4fc5e095]" started-at="2024-11-12T11:27:57Z" name="deleteFromCart" finished-at="2024-11-12T11:28:02Z" duration-ms="5364" status="PASS">
          <reporter-output>
          </reporter-output>
        </test-method> <!-- deleteFromCart -->
        <test-method is-config="true" signature="closeBrowser(org.testng.ITestResult)[pri:0, instance:tests.cartTest@4fc5e095]" started-at="2024-11-12T11:28:02Z" name="closeBrowser" finished-at="2024-11-12T11:28:02Z" duration-ms="10" status="PASS">
          <params>
            <param index="0">
              <value>
                <![CDATA[[TestResult name=deleteFromCart status=SUCCESS method=cartTest.deleteFromCart()[pri:0, instance:tests.cartTest@4fc5e095] output={null}]]]>
              </value>
            </param>
          </params>
          <reporter-output>
          </reporter-output>
        </test-method> <!-- closeBrowser -->
        <test-method is-config="true" signature="closeBrowser()[pri:0, instance:tests.cartTest@4fc5e095]" started-at="2024-11-12T11:28:02Z" name="closeBrowser" finished-at="2024-11-12T11:28:03Z" duration-ms="880" status="PASS">
          <reporter-output>
          </reporter-output>
        </test-method> <!-- closeBrowser -->
        <test-method is-config="true" signature="afterSuite()[pri:0, instance:tests.cartTest@4fc5e095]" started-at="2024-11-12T11:28:03Z" name="afterSuite" finished-at="2024-11-12T11:28:04Z" duration-ms="803" status="PASS">
          <reporter-output>
          </reporter-output>
        </test-method> <!-- afterSuite -->
      </class> <!-- tests.cartTest -->
      <class name="tests.loginTest">
        <test-method is-config="true" signature="launchBrowser(java.lang.String, java.lang.reflect.Method)[pri:0, instance:tests.loginTest@13e3c1c7]" started-at="2024-11-12T11:26:41Z" name="launchBrowser" finished-at="2024-11-12T11:26:42Z" duration-ms="1626" status="PASS">
          <params>
            <param index="0">
              <value>
                <![CDATA[edge]]>
              </value>
            </param>
            <param index="1">
              <value>
                <![CDATA[public void tests.loginTest.loginValidation() throws java.util.concurrent.TimeoutException]]>
              </value>
            </param>
          </params>
          <reporter-output>
          </reporter-output>
        </test-method> <!-- launchBrowser -->
        <test-method signature="loginValidation()[pri:0, instance:tests.loginTest@13e3c1c7]" started-at="2024-11-12T11:26:42Z" name="loginValidation" finished-at="2024-11-12T11:26:51Z" duration-ms="8310" status="PASS">
          <reporter-output>
          </reporter-output>
        </test-method> <!-- loginValidation -->
        <test-method is-config="true" signature="closeBrowser(org.testng.ITestResult)[pri:0, instance:tests.loginTest@13e3c1c7]" started-at="2024-11-12T11:26:51Z" name="closeBrowser" finished-at="2024-11-12T11:26:51Z" duration-ms="504" status="PASS">
          <params>
            <param index="0">
              <value>
                <![CDATA[[TestResult name=loginValidation status=SUCCESS method=loginTest.loginValidation()[pri:0, instance:tests.loginTest@13e3c1c7] output={null}]]]>
              </value>
            </param>
          </params>
          <reporter-output>
          </reporter-output>
        </test-method> <!-- closeBrowser -->
      </class> <!-- tests.loginTest -->
      <class name="tests.contactTest">
        <test-method is-config="true" signature="launchBrowser(java.lang.String, java.lang.reflect.Method)[pri:0, instance:tests.contactTest@5b40ceb]" started-at="2024-11-12T11:27:20Z" name="launchBrowser" finished-at="2024-11-12T11:27:22Z" duration-ms="2219" status="PASS">
          <params>
            <param index="0">
              <value>
                <![CDATA[edge]]>
              </value>
            </param>
            <param index="1">
              <value>
                <![CDATA[public void tests.contactTest.contactValidation() throws java.util.concurrent.TimeoutException,java.lang.InterruptedException]]>
              </value>
            </param>
          </params>
          <reporter-output>
          </reporter-output>
        </test-method> <!-- launchBrowser -->
        <test-method signature="contactValidation()[pri:0, instance:tests.contactTest@5b40ceb]" started-at="2024-11-12T11:27:22Z" name="contactValidation" finished-at="2024-11-12T11:27:30Z" duration-ms="7650" status="PASS">
          <reporter-output>
          </reporter-output>
        </test-method> <!-- contactValidation -->
        <test-method is-config="true" signature="closeBrowser(org.testng.ITestResult)[pri:0, instance:tests.contactTest@5b40ceb]" started-at="2024-11-12T11:27:30Z" name="closeBrowser" finished-at="2024-11-12T11:27:30Z" duration-ms="566" status="PASS">
          <params>
            <param index="0">
              <value>
                <![CDATA[[TestResult name=contactValidation status=SUCCESS method=contactTest.contactValidation()[pri:0, instance:tests.contactTest@5b40ceb] output={null}]]]>
              </value>
            </param>
          </params>
          <reporter-output>
          </reporter-output>
        </test-method> <!-- closeBrowser -->
      </class> <!-- tests.contactTest -->
      <class name="tests.homepageTest">
        <test-method is-config="true" signature="launchBrowser(java.lang.String, java.lang.reflect.Method)[pri:0, instance:tests.homepageTest@41925502]" started-at="2024-11-12T11:26:21Z" name="launchBrowser" finished-at="2024-11-12T11:26:26Z" duration-ms="4585" status="PASS">
          <params>
            <param index="0">
              <value>
                <![CDATA[edge]]>
              </value>
            </param>
            <param index="1">
              <value>
                <![CDATA[public void tests.homepageTest.homepageValidation()]]>
              </value>
            </param>
          </params>
          <reporter-output>
          </reporter-output>
        </test-method> <!-- launchBrowser -->
        <test-method signature="homepageValidation()[pri:0, instance:tests.homepageTest@41925502]" started-at="2024-11-12T11:26:26Z" name="homepageValidation" finished-at="2024-11-12T11:26:31Z" duration-ms="5584" status="PASS">
          <reporter-output>
          </reporter-output>
        </test-method> <!-- homepageValidation -->
        <test-method is-config="true" signature="closeBrowser(org.testng.ITestResult)[pri:0, instance:tests.homepageTest@41925502]" started-at="2024-11-12T11:26:31Z" name="closeBrowser" finished-at="2024-11-12T11:26:32Z" duration-ms="505" status="PASS">
          <params>
            <param index="0">
              <value>
                <![CDATA[[TestResult name=homepageValidation status=SUCCESS method=homepageTest.homepageValidation()[pri:0, instance:tests.homepageTest@41925502] output={null}]]]>
              </value>
            </param>
          </params>
          <reporter-output>
          </reporter-output>
        </test-method> <!-- closeBrowser -->
      </class> <!-- tests.homepageTest -->
    </test> <!-- Test -->
  </suite> <!-- Suite -->
</testng-results>
