<?xml version="1.0" encoding="UTF-8"?>
<!-- Generated by org.testng.reporters.JUnitXMLReporter -->
<testsuite hostname="DESKTOP-R4NKMTL" failures="0" tests="8" name="Test" time="102.183" errors="0" timestamp="12 Nov 2024 05:58:03 GMT">
  <testcase classname="tests.homepageTest" name="homepageValidation" time="5.584"/>
  <testcase classname="tests.aboutUsTest" name="aboutUsValidation" time="6.634"/>
  <testcase classname="tests.loginTest" name="loginValidation" time="8.31"/>
  <testcase classname="tests.placeOrderTest" name="placeOrderValidation" time="24.578"/>
  <testcase classname="tests.contactTest" name="contactValidation" time="7.65"/>
  <testcase classname="tests.cartTest" name="addToCart" time="21.827"/>
  <testcase classname="tests.cartTest" name="validateCart" time="3.121"/>
  <testcase classname="tests.cartTest" name="deleteFromCart" time="5.364"/>
</testsuite> <!-- Test -->
